# JRE version: OpenJDK Runtime Environment Temurin-17.0.10+7 (17.0.10+7) (build 17.0.10+7)
# Java VM: OpenJDK 64-Bit Server VM Temurin-17.0.10+7 (17.0.10+7, mixed mode, tiered, compressed oops, compressed class ptrs, parallel gc, linux-amd64)
GC Precious Log:
 CPUs: 12 total, 12 available
 Memory: 7775M
 Large Page Support: Disabled
 NUMA Support: Disabled
 Compressed Oops: Enabled (32-bit)
 Alignments: Space 512K, Generation 512K, Heap 2M
 Heap Min Capacity: 100M
 Heap Initial Capacity: 100M
 Heap Max Capacity: 1G
 Pre-touch: Disabled
 Parallel Workers: 10
Heap:
 PSYoungGen      total 8704K, used 3960K [0x00000000eab00000, 0x00000000eb600000, 0x0000000100000000)
  eden space 7168K, 38% used [0x00000000eab00000,0x00000000eadb5018,0x00000000eb200000)
  from space 1536K, 77% used [0x00000000eb200000,0x00000000eb329248,0x00000000eb380000)
  to   space 2048K, 0% used [0x00000000eb400000,0x00000000eb400000,0x00000000eb600000)
 ParOldGen       total 199168K, used 109286K [0x00000000c0000000, 0x00000000cc280000, 0x00000000eab00000)
  object space 199168K, 54% used [0x00000000c0000000,0x00000000c6ab9b80,0x00000000cc280000)
 Metaspace       used 78838K, committed 80192K, reserved 1179648K
  class space    used 8185K, committed 8832K, reserved 1048576K
GC Heap History (20 events):
Event: 3352.763 GC heap before
{Heap before GC invocations=357 (full 8):
 PSYoungGen      total 8192K, used 7392K [0x00000000eab00000, 0x00000000eb400000, 0x0000000100000000)
  eden space 6656K, 100% used [0x00000000eab00000,0x00000000eb180000,0x00000000eb180000)
  from space 1536K, 47% used [0x00000000eb180000,0x00000000eb238020,0x00000000eb300000)
  to   space 1024K, 0% used [0x00000000eb300000,0x00000000eb300000,0x00000000eb400000)
 ParOldGen       total 174080K, used 163370K [0x00000000c0000000, 0x00000000caa00000, 0x00000000eab00000)
  object space 174080K, 93% used [0x00000000c0000000,0x00000000c9f8aa58,0x00000000caa00000)
 Metaspace       used 78767K, committed 80128K, reserved 1179648K
  class space    used 8184K, committed 8832K, reserved 1048576K
}
Event: 3352.769 GC heap after
{Heap after GC invocations=357 (full 8):
 PSYoungGen      total 5120K, used 996K [0x00000000eab00000, 0x00000000eba80000, 0x0000000100000000)
  eden space 4096K, 0% used [0x00000000eab00000,0x00000000eab00000,0x00000000eaf00000)
  from space 1024K, 97% used [0x00000000eb300000,0x00000000eb3f9228,0x00000000eb400000)
  to   space 4096K, 0% used [0x00000000eaf00000,0x00000000eaf00000,0x00000000eb300000)
 ParOldGen       total 174080K, used 165551K [0x00000000c0000000, 0x00000000caa00000, 0x00000000eab00000)
  object space 174080K, 95% used [0x00000000c0000000,0x00000000ca1abe58,0x00000000caa00000)
 Metaspace       used 78767K, committed 80128K, reserved 1179648K
  class space    used 8184K, committed 8832K, reserved 1048576K
}
Event: 3352.776 GC heap before
{Heap before GC invocations=358 (full 8):
 PSYoungGen      total 5120K, used 5092K [0x00000000eab00000, 0x00000000eba80000, 0x0000000100000000)
  eden space 4096K, 100% used [0x00000000eab00000,0x00000000eaf00000,0x00000000eaf00000)
  from space 1024K, 97% used [0x00000000eb300000,0x00000000eb3f9228,0x00000000eb400000)
  to   space 4096K, 0% used [0x00000000eaf00000,0x00000000eaf00000,0x00000000eb300000)
 ParOldGen       total 174080K, used 165551K [0x00000000c0000000, 0x00000000caa00000, 0x00000000eab00000)
  object space 174080K, 95% used [0x00000000c0000000,0x00000000ca1abe58,0x00000000caa00000)
 Metaspace       used 78767K, committed 80128K, reserved 1179648K
  class space    used 8184K, committed 8832K, reserved 1048576K
}
Event: 3352.781 GC heap after
{Heap after GC invocations=358 (full 8):
 PSYoungGen      total 6144K, used 1798K [0x00000000eab00000, 0x00000000eb500000, 0x0000000100000000)
  eden space 4096K, 0% used [0x00000000eab00000,0x00000000eab00000,0x00000000eaf00000)
  from space 2048K, 87% used [0x00000000eaf00000,0x00000000eb0c19a8,0x00000000eb100000)
  to   space 2560K, 0% used [0x00000000eb280000,0x00000000eb280000,0x00000000eb500000)
 ParOldGen       total 174080K, used 166575K [0x00000000c0000000, 0x00000000caa00000, 0x00000000eab00000)
  object space 174080K, 95% used [0x00000000c0000000,0x00000000ca2abf70,0x00000000caa00000)
 Metaspace       used 78767K, committed 80128K, reserved 1179648K
  class space    used 8184K, committed 8832K, reserved 1048576K
}
Event: 3355.482 GC heap before
{Heap before GC invocations=359 (full 8):
 PSYoungGen      total 6144K, used 5894K [0x00000000eab00000, 0x00000000eb500000, 0x0000000100000000)
  eden space 4096K, 100% used [0x00000000eab00000,0x00000000eaf00000,0x00000000eaf00000)
  from space 2048K, 87% used [0x00000000eaf00000,0x00000000eb0c19a8,0x00000000eb100000)
  to   space 2560K, 0% used [0x00000000eb280000,0x00000000eb280000,0x00000000eb500000)
 ParOldGen       total 174080K, used 166575K [0x00000000c0000000, 0x00000000caa00000, 0x00000000eab00000)
  object space 174080K, 95% used [0x00000000c0000000,0x00000000ca2abf70,0x00000000caa00000)
 Metaspace       used 78769K, committed 80128K, reserved 1179648K
  class space    used 8184K, committed 8832K, reserved 1048576K
}
Event: 3355.485 GC heap after
{Heap after GC invocations=359 (full 8):
 PSYoungGen      total 7168K, used 1812K [0x00000000eab00000, 0x00000000eb480000, 0x0000000100000000)
  eden space 5120K, 0% used [0x00000000eab00000,0x00000000eab00000,0x00000000eb000000)
  from space 2048K, 88% used [0x00000000eb280000,0x00000000eb445258,0x00000000eb480000)
  to   space 2048K, 0% used [0x00000000eb080000,0x00000000eb080000,0x00000000eb280000)
 ParOldGen       total 174080K, used 168059K [0x00000000c0000000, 0x00000000caa00000, 0x00000000eab00000)
  object space 174080K, 96% used [0x00000000c0000000,0x00000000ca41eec0,0x00000000caa00000)
 Metaspace       used 78769K, committed 80128K, reserved 1179648K
  class space    used 8184K, committed 8832K, reserved 1048576K
}
Event: 3355.490 GC heap before
{Heap before GC invocations=360 (full 8):
 PSYoungGen      total 7168K, used 6932K [0x00000000eab00000, 0x00000000eb480000, 0x0000000100000000)
  eden space 5120K, 100% used [0x00000000eab00000,0x00000000eb000000,0x00000000eb000000)
  from space 2048K, 88% used [0x00000000eb280000,0x00000000eb445258,0x00000000eb480000)
  to   space 2048K, 0% used [0x00000000eb080000,0x00000000eb080000,0x00000000eb280000)
 ParOldGen       total 174080K, used 168059K [0x00000000c0000000, 0x00000000caa00000, 0x00000000eab00000)
  object space 174080K, 96% used [0x00000000c0000000,0x00000000ca41eec0,0x00000000caa00000)
 Metaspace       used 78775K, committed 80128K, reserved 1179648K
  class space    used 8184K, committed 8832K, reserved 1048576K
}
Event: 3355.493 GC heap after
{Heap after GC invocations=360 (full 8):
 PSYoungGen      total 7680K, used 2044K [0x00000000eab00000, 0x00000000eba00000, 0x0000000100000000)
  eden space 5632K, 0% used [0x00000000eab00000,0x00000000eab00000,0x00000000eb080000)
  from space 2048K, 99% used [0x00000000eb080000,0x00000000eb27f168,0x00000000eb280000)
  to   space 4608K, 0% used [0x00000000eb580000,0x00000000eb580000,0x00000000eba00000)
 ParOldGen       total 174080K, used 169782K [0x00000000c0000000, 0x00000000caa00000, 0x00000000eab00000)
  object space 174080K, 97% used [0x00000000c0000000,0x00000000ca5cda98,0x00000000caa00000)
 Metaspace       used 78775K, committed 80128K, reserved 1179648K
  class space    used 8184K, committed 8832K, reserved 1048576K
}
Event: 3356.084 GC heap before
{Heap before GC invocations=361 (full 8):
 PSYoungGen      total 7680K, used 7676K [0x00000000eab00000, 0x00000000eba00000, 0x0000000100000000)
  eden space 5632K, 99% used [0x00000000eab00000,0x00000000eb07fff8,0x00000000eb080000)
  from space 2048K, 99% used [0x00000000eb080000,0x00000000eb27f168,0x00000000eb280000)
  to   space 4608K, 0% used [0x00000000eb580000,0x00000000eb580000,0x00000000eba00000)
 ParOldGen       total 174080K, used 169782K [0x00000000c0000000, 0x00000000caa00000, 0x00000000eab00000)
  object space 174080K, 97% used [0x00000000c0000000,0x00000000ca5cda98,0x00000000caa00000)
 Metaspace       used 78778K, committed 80128K, reserved 1179648K
  class space    used 8184K, committed 8832K, reserved 1048576K
}
Event: 3356.087 GC heap after
{Heap after GC invocations=361 (full 8):
 PSYoungGen      total 9216K, used 2311K [0x00000000eab00000, 0x00000000eb800000, 0x0000000100000000)
  eden space 6656K, 0% used [0x00000000eab00000,0x00000000eab00000,0x00000000eb180000)
  from space 2560K, 90% used [0x00000000eb580000,0x00000000eb7c1f90,0x00000000eb800000)
  to   space 3072K, 0% used [0x00000000eb200000,0x00000000eb200000,0x00000000eb500000)
 ParOldGen       total 174080K, used 172008K [0x00000000c0000000, 0x00000000caa00000, 0x00000000eab00000)
  object space 174080K, 98% used [0x00000000c0000000,0x00000000ca7fa090,0x00000000caa00000)
 Metaspace       used 78778K, committed 80128K, reserved 1179648K
  class space    used 8184K, committed 8832K, reserved 1048576K
}
Event: 3356.087 GC heap before
{Heap before GC invocations=362 (full 9):
 PSYoungGen      total 9216K, used 2311K [0x00000000eab00000, 0x00000000eb800000, 0x0000000100000000)
  eden space 6656K, 0% used [0x00000000eab00000,0x00000000eab00000,0x00000000eb180000)
  from space 2560K, 90% used [0x00000000eb580000,0x00000000eb7c1f90,0x00000000eb800000)
  to   space 3072K, 0% used [0x00000000eb200000,0x00000000eb200000,0x00000000eb500000)
 ParOldGen       total 174080K, used 172008K [0x00000000c0000000, 0x00000000caa00000, 0x00000000eab00000)
  object space 174080K, 98% used [0x00000000c0000000,0x00000000ca7fa090,0x00000000caa00000)
 Metaspace       used 78778K, committed 80128K, reserved 1179648K
  class space    used 8184K, committed 8832K, reserved 1048576K
}
Event: 3356.169 GC heap after
{Heap after GC invocations=362 (full 9):
 PSYoungGen      total 10240K, used 0K [0x00000000eab00000, 0x00000000eb880000, 0x0000000100000000)
  eden space 7168K, 0% used [0x00000000eab00000,0x00000000eab00000,0x00000000eb200000)
  from space 3072K, 0% used [0x00000000eb200000,0x00000000eb200000,0x00000000eb500000)
  to   space 3072K, 0% used [0x00000000eb580000,0x00000000eb580000,0x00000000eb880000)
 ParOldGen       total 199168K, used 106409K [0x00000000c0000000, 0x00000000cc280000, 0x00000000eab00000)
  object space 199168K, 53% used [0x00000000c0000000,0x00000000c67ea610,0x00000000cc280000)
 Metaspace       used 78736K, committed 80128K, reserved 1179648K
  class space    used 8173K, committed 8832K, reserved 1048576K
}
Event: 3356.583 GC heap before
{Heap before GC invocations=363 (full 9):
 PSYoungGen      total 10240K, used 7168K [0x00000000eab00000, 0x00000000eb880000, 0x0000000100000000)
  eden space 7168K, 100% used [0x00000000eab00000,0x00000000eb200000,0x00000000eb200000)
  from space 3072K, 0% used [0x00000000eb200000,0x00000000eb200000,0x00000000eb500000)
  to   space 3072K, 0% used [0x00000000eb580000,0x00000000eb580000,0x00000000eb880000)
 ParOldGen       total 199168K, used 106409K [0x00000000c0000000, 0x00000000cc280000, 0x00000000eab00000)
  object space 199168K, 53% used [0x00000000c0000000,0x00000000c67ea610,0x00000000cc280000)
 Metaspace       used 78736K, committed 80128K, reserved 1179648K
  class space    used 8173K, committed 8832K, reserved 1048576K
}
Event: 3356.585 GC heap after
{Heap after GC invocations=363 (full 9):
 PSYoungGen      total 10240K, used 3041K [0x00000000eab00000, 0x00000000eba00000, 0x0000000100000000)
  eden space 7168K, 0% used [0x00000000eab00000,0x00000000eab00000,0x00000000eb200000)
  from space 3072K, 98% used [0x00000000eb580000,0x00000000eb878420,0x00000000eb880000)
  to   space 3584K, 0% used [0x00000000eb200000,0x00000000eb200000,0x00000000eb580000)
 ParOldGen       total 199168K, used 106457K [0x00000000c0000000, 0x00000000cc280000, 0x00000000eab00000)
  object space 199168K, 53% used [0x00000000c0000000,0x00000000c67f6610,0x00000000cc280000)
 Metaspace       used 78736K, committed 80128K, reserved 1179648K
  class space    used 8173K, committed 8832K, reserved 1048576K
}
Event: 3356.983 GC heap before
{Heap before GC invocations=364 (full 9):
 PSYoungGen      total 10240K, used 10209K [0x00000000eab00000, 0x00000000eba00000, 0x0000000100000000)
  eden space 7168K, 100% used [0x00000000eab00000,0x00000000eb200000,0x00000000eb200000)
  from space 3072K, 98% used [0x00000000eb580000,0x00000000eb878420,0x00000000eb880000)
  to   space 3584K, 0% used [0x00000000eb200000,0x00000000eb200000,0x00000000eb580000)
 ParOldGen       total 199168K, used 106457K [0x00000000c0000000, 0x00000000cc280000, 0x00000000eab00000)
  object space 199168K, 53% used [0x00000000c0000000,0x00000000c67f6610,0x00000000cc280000)
 Metaspace       used 78736K, committed 80128K, reserved 1179648K
  class space    used 8173K, committed 8832K, reserved 1048576K
}
Event: 3356.986 GC heap after
{Heap after GC invocations=364 (full 9):
 PSYoungGen      total 10240K, used 2972K [0x00000000eab00000, 0x00000000eb800000, 0x0000000100000000)
  eden space 7168K, 0% used [0x00000000eab00000,0x00000000eab00000,0x00000000eb200000)
  from space 3072K, 96% used [0x00000000eb200000,0x00000000eb4e71a8,0x00000000eb500000)
  to   space 3072K, 0% used [0x00000000eb500000,0x00000000eb500000,0x00000000eb800000)
 ParOldGen       total 199168K, used 109278K [0x00000000c0000000, 0x00000000cc280000, 0x00000000eab00000)
  object space 199168K, 54% used [0x00000000c0000000,0x00000000c6ab7b80,0x00000000cc280000)
 Metaspace       used 78736K, committed 80128K, reserved 1179648K
  class space    used 8173K, committed 8832K, reserved 1048576K
}
Event: 3357.422 GC heap before
{Heap before GC invocations=365 (full 9):
 PSYoungGen      total 10240K, used 10140K [0x00000000eab00000, 0x00000000eb800000, 0x0000000100000000)
  eden space 7168K, 100% used [0x00000000eab00000,0x00000000eb200000,0x00000000eb200000)
  from space 3072K, 96% used [0x00000000eb200000,0x00000000eb4e71a8,0x00000000eb500000)
  to   space 3072K, 0% used [0x00000000eb500000,0x00000000eb500000,0x00000000eb800000)
 ParOldGen       total 199168K, used 109278K [0x00000000c0000000, 0x00000000cc280000, 0x00000000eab00000)
  object space 199168K, 54% used [0x00000000c0000000,0x00000000c6ab7b80,0x00000000cc280000)
 Metaspace       used 78736K, committed 80128K, reserved 1179648K
  class space    used 8173K, committed 8832K, reserved 1048576K
}
Event: 3357.423 GC heap after
{Heap after GC invocations=365 (full 9):
 PSYoungGen      total 10240K, used 2924K [0x00000000eab00000, 0x00000000eb800000, 0x0000000100000000)
  eden space 7168K, 0% used [0x00000000eab00000,0x00000000eab00000,0x00000000eb200000)
  from space 3072K, 95% used [0x00000000eb500000,0x00000000eb7db2c8,0x00000000eb800000)
  to   space 3072K, 0% used [0x00000000eb200000,0x00000000eb200000,0x00000000eb500000)
 ParOldGen       total 199168K, used 109278K [0x00000000c0000000, 0x00000000cc280000, 0x00000000eab00000)
  object space 199168K, 54% used [0x00000000c0000000,0x00000000c6ab7b80,0x00000000cc280000)
 Metaspace       used 78736K, committed 80128K, reserved 1179648K
  class space    used 8173K, committed 8832K, reserved 1048576K
}
Event: 12101.245 GC heap before
{Heap before GC invocations=366 (full 9):
 PSYoungGen      total 10240K, used 10092K [0x00000000eab00000, 0x00000000eb800000, 0x0000000100000000)
  eden space 7168K, 100% used [0x00000000eab00000,0x00000000eb200000,0x00000000eb200000)
  from space 3072K, 95% used [0x00000000eb500000,0x00000000eb7db2c8,0x00000000eb800000)
  to   space 3072K, 0% used [0x00000000eb200000,0x00000000eb200000,0x00000000eb500000)
 ParOldGen       total 199168K, used 109278K [0x00000000c0000000, 0x00000000cc280000, 0x00000000eab00000)
  object space 199168K, 54% used [0x00000000c0000000,0x00000000c6ab7b80,0x00000000cc280000)
 Metaspace       used 78770K, committed 80128K, reserved 1179648K
  class space    used 8173K, committed 8832K, reserved 1048576K
}
Event: 12101.305 GC heap after
{Heap after GC invocations=366 (full 9):
 PSYoungGen      total 8704K, used 1188K [0x00000000eab00000, 0x00000000eb600000, 0x0000000100000000)
  eden space 7168K, 0% used [0x00000000eab00000,0x00000000eab00000,0x00000000eb200000)
  from space 1536K, 77% used [0x00000000eb200000,0x00000000eb329248,0x00000000eb380000)
  to   space 2048K, 0% used [0x00000000eb400000,0x00000000eb400000,0x00000000eb600000)
 ParOldGen       total 199168K, used 109286K [0x00000000c0000000, 0x00000000cc280000, 0x00000000eab00000)
  object space 199168K, 54% used [0x00000000c0000000,0x00000000c6ab9b80,0x00000000cc280000)
 Metaspace       used 78770K, committed 80128K, reserved 1179648K
  class space    used 8173K, committed 8832K, reserved 1048576K
}

